info it worked if it ends with ok
verbose cli [ 'node',
verbose cli   '/home/strzel-a/.nvm/v0.6.13/bin/npm',
verbose cli   'install',
verbose cli   'capistrano-node' ]
info using npm@1.1.9
info using node@v0.6.13
verbose config file /home/strzel-a/.npmrc
verbose config file /home/strzel-a/.nvm/v0.6.13/etc/npmrc
verbose config file /home/strzel-a/.nvm/v0.6.13/lib/node_modules/npm/npmrc
verbose caching /home/strzel-a/NodeProject/DeportedChat/package.json
verbose loadDefaults application-name@0.0.1
verbose caching /home/strzel-a/NodeProject/DeportedChat/node_modules/connect-redis/package.json
verbose caching /home/strzel-a/NodeProject/DeportedChat/node_modules/ejs/package.json
verbose caching /home/strzel-a/NodeProject/DeportedChat/node_modules/cluster/package.json
verbose caching /home/strzel-a/NodeProject/DeportedChat/node_modules/express/package.json
verbose caching /home/strzel-a/NodeProject/DeportedChat/node_modules/cluster2/package.json
verbose caching /home/strzel-a/NodeProject/DeportedChat/node_modules/forever/package.json
verbose caching /home/strzel-a/NodeProject/DeportedChat/node_modules/now/package.json
verbose from cache /home/strzel-a/NodeProject/DeportedChat/package.json
verbose readDependencies: using package.json deps
verbose cache add [ 'capistrano-node', null ]
silly cache add: name, spec, args [ undefined, 'capistrano-node', [ 'capistrano-node', null ] ]
verbose parsed url { pathname: 'capistrano-node',
verbose parsed url   path: 'capistrano-node',
verbose parsed url   href: 'capistrano-node' }
verbose addNamed [ 'capistrano-node', '' ]
verbose addNamed [ null, '' ]
silly name, range, hasData [ 'capistrano-node', '', false ]
verbose raw, before any munging capistrano-node
verbose url resolving [ 'https://registry.npmjs.org/', './capistrano-node' ]
verbose url resolved https://registry.npmjs.org/capistrano-node
http GET https://registry.npmjs.org/capistrano-node
http 404 https://registry.npmjs.org/capistrano-node
silly get cb [ 404,
silly get cb   { server: 'CouchDB/1.2.0 (Erlang OTP/R15B)',
silly get cb     date: 'Sat, 07 Jul 2012 16:29:48 GMT',
silly get cb     'content-type': 'application/json',
silly get cb     'content-length': '52',
silly get cb     'cache-control': 'must-revalidate' } ]
ERR! 404 'capistrano-node' is not in the npm registry.
ERR! 404 You should bug the author to publish it
ERR! 404 Note that you can also install from a
ERR! 404 tarball, folder, or http url, or git url.
ERR! 
ERR! System Linux 3.0.0-12-generic
ERR! command "node" "/home/strzel-a/.nvm/v0.6.13/bin/npm" "install" "capistrano-node"
ERR! cwd /home/strzel-a/NodeProject/DeportedChat
ERR! node -v v0.6.13
ERR! npm -v 1.1.9
ERR! code E404
ERR! message 404 Not Found: capistrano-node
ERR! errno {}
verbose exit [ 1, true ]
